Build started 11.06.2015 21:43:12.
     1>Project "c:\Users\ZUZU\documents\visual studio 2013\Projects\practical\exam\exam\exam.vcxproj" on node 2 (ClCompile target(s)).
     1>ClCompile:
         C:\Program Files (x86)\Microsoft Visual Studio 12.0\VC\bin\CL.exe /c /I.\GeneratedFiles /I. /IC:\Qt\5.4\msvc2013_64\include /I.\GeneratedFiles\Debug /IC:\Qt\5.4\msvc2013_64\include\QtCore /IC:\Qt\5.4\msvc2013_64\include\QtGui /IC:\Qt\5.4\msvc2013_64\include\QtWidgets /Zi /nologo /W1 /WX- /Od /Oy- /D UNICODE /D WIN32 /D WIN64 /D QT_DLL /D QT_CORE_LIB /D QT_GUI_LIB /D QT_WIDGETS_LIB /Gm- /EHsc /MDd /GS /fp:precise /Zc:wchar_t /Zc:forScope /Fo"Debug\\" /Fd"Debug\vc120.pdb" /Gd /TP /analyze- /errorReport:prompt main.cpp
         main.cpp
     1>c:\users\zuzu\documents\visual studio 2013\projects\practical\exam\exam\exam.h(5): fatal error C1083: Cannot open include file: 'ui_exam.h': No such file or directory
     1>Done Building Project "c:\Users\ZUZU\documents\visual studio 2013\Projects\practical\exam\exam\exam.vcxproj" (ClCompile target(s)) -- FAILED.

Build FAILED.

Time Elapsed 00:00:01.06
